#
# There is insufficient memory for the Java Runtime Environment to continue.
# Native memory allocation (malloc) failed to allocate 32784 bytes. Error detail: Chunk::new
# Possible reasons:
#   The system is out of physical RAM or swap space
#   This process is running with CompressedOops enabled, and the Java Heap may be blocking the growth of the native heap
# Possible solutions:
#   Reduce memory load on the system
#   Increase physical memory or swap space
#   Check if swap backing store is full
#   Decrease Java heap size (-Xmx/-Xms)
#   Decrease number of Java threads
#   Decrease Java thread stack sizes (-Xss)
#   Set larger code cache with -XX:ReservedCodeCacheSize=
#   JVM is running with Unscaled Compressed Oops mode in which the Java heap is
#     placed in the first 4GB address space. The Java Heap base address is the
#     maximum limit for the native heap growth. Please use -XX:HeapBaseMinAddress
#     to set the Java Heap base and to place the Java Heap above 4GB virtual address.
# This output file may be truncated or incomplete.
#
#  Out of Memory Error (arena.cpp:168), pid=6892, tid=3544
#
# JRE version: OpenJDK Runtime Environment Temurin-21.0.9+10 (21.0.9+10) (build 21.0.9+10-LTS)
# Java VM: OpenJDK 64-Bit Server VM Temurin-21.0.9+10 (21.0.9+10-LTS, mixed mode, sharing, tiered, compressed oops, compressed class ptrs, parallel gc, windows-amd64)
# No core dump will be written. Minidumps are not enabled by default on client versions of Windows
#

---------------  S U M M A R Y ------------

Command Line: --add-modules=ALL-SYSTEM --add-opens=java.base/java.util=ALL-UNNAMED --add-opens=java.base/java.lang=ALL-UNNAMED --add-opens=java.base/sun.nio.fs=ALL-UNNAMED -Declipse.application=org.eclipse.jdt.ls.core.id1 -Dosgi.bundles.defaultStartLevel=4 -Declipse.product=org.eclipse.jdt.ls.core.product -Djava.import.generatesMetadataFilesAtProjectRoot=false -DDetectVMInstallationsJob.disabled=true -Dfile.encoding=utf8 -XX:+UseParallelGC -XX:GCTimeRatio=4 -XX:AdaptiveSizePolicyWeight=90 -Dsun.zip.disableMemoryMapping=true -Xmx2G -Xms100m -Xlog:disable -javaagent:c:\Users\Maroc\.vscode\extensions\redhat.java-1.51.0-win32-x64\lombok\lombok-1.18.39-4050.jar c:\Users\Maroc\.vscode\extensions\redhat.java-1.51.0-win32-x64\server\plugins\org.eclipse.equinox.launcher_1.7.100.v20251111-0406.jar -configuration c:\Users\Maroc\AppData\Roaming\Code\User\globalStorage\redhat.java\1.51.0\config_ss_win -data c:\Users\Maroc\AppData\Roaming\Code\User\workspaceStorage\004b5fee58056ef76048273cd9948a9c\redhat.java\ss_ws --pipe=\\.\pipe\lsp-509c6fde6e7c5dc97d0041fd37e91d87-sock

Host: Intel(R) Celeron(R) N4020 CPU @ 1.10GHz, 2 cores, 3G,  Windows 11 , 64 bit Build 26100 (10.0.26100.7309)
Time: Sun Jan 11 19:19:18 2026 Hora estándar de Argentina elapsed time: 29.058017 seconds (0d 0h 0m 29s)

---------------  T H R E A D  ---------------

Current thread (0x000001ff1c6828c0):  JavaThread "C2 CompilerThread0" daemon [_thread_in_native, id=3544, stack(0x0000002894f00000,0x0000002895000000) (1024K)]


Current CompileTask:
C2:29058 1693       4       java.io.WinNTFileSystem::normalize (143 bytes)

Stack: [0x0000002894f00000,0x0000002895000000]
Native frames: (J=compiled Java code, j=interpreted, Vv=VM code, C=native code)
V  [jvm.dll+0x6d6e29]
V  [jvm.dll+0x8b4b76]
V  [jvm.dll+0x8b712e]
V  [jvm.dll+0x8b7813]
V  [jvm.dll+0x283d86]
V  [jvm.dll+0xc66ed]
V  [jvm.dll+0xc6c31]
V  [jvm.dll+0xd26cd]
V  [jvm.dll+0x5fe05f]
V  [jvm.dll+0x255557]
V  [jvm.dll+0x24d994]
V  [jvm.dll+0x24b482]
V  [jvm.dll+0x1cb13e]
V  [jvm.dll+0x25b29d]
V  [jvm.dll+0x25982a]
V  [jvm.dll+0x3f7ea6]
V  [jvm.dll+0x85e9ad]
V  [jvm.dll+0x6d565d]
C  [ucrtbase.dll+0x37b0]
C  [KERNEL32.DLL+0x2e8d7]
C  [ntdll.dll+0x8c53c]


---------------  P R O C E S S  ---------------

Threads class SMR info:
_java_thread_list=0x000001ff79375640, length=12, elements={
0x000001ff1c7ca850, 0x000001ff1c676980, 0x000001ff1c679f60, 0x000001ff1c67fc50,
0x000001ff1c6806a0, 0x000001ff1c6810f0, 0x000001ff1c681b40, 0x000001ff1c6828c0,
0x000001ff1c6e29a0, 0x000001ff337cf900, 0x000001ff33936fe0, 0x000001ff79116910
}

Java Threads: ( => current thread )
  0x000001ff1c7ca850 JavaThread "main"                              [_thread_in_native, id=5724, stack(0x0000002894500000,0x0000002894600000) (1024K)]
  0x000001ff1c676980 JavaThread "Reference Handler"          daemon [_thread_blocked, id=4860, stack(0x0000002894900000,0x0000002894a00000) (1024K)]
  0x000001ff1c679f60 JavaThread "Finalizer"                  daemon [_thread_blocked, id=11788, stack(0x0000002894a00000,0x0000002894b00000) (1024K)]
  0x000001ff1c67fc50 JavaThread "Signal Dispatcher"          daemon [_thread_blocked, id=9136, stack(0x0000002894b00000,0x0000002894c00000) (1024K)]
  0x000001ff1c6806a0 JavaThread "Attach Listener"            daemon [_thread_blocked, id=248, stack(0x0000002894c00000,0x0000002894d00000) (1024K)]
  0x000001ff1c6810f0 JavaThread "Service Thread"             daemon [_thread_blocked, id=3160, stack(0x0000002894d00000,0x0000002894e00000) (1024K)]
  0x000001ff1c681b40 JavaThread "Monitor Deflation Thread"   daemon [_thread_blocked, id=11684, stack(0x0000002894e00000,0x0000002894f00000) (1024K)]
=>0x000001ff1c6828c0 JavaThread "C2 CompilerThread0"         daemon [_thread_in_native, id=3544, stack(0x0000002894f00000,0x0000002895000000) (1024K)]
  0x000001ff1c6e29a0 JavaThread "C1 CompilerThread0"         daemon [_thread_blocked, id=2468, stack(0x0000002895000000,0x0000002895100000) (1024K)]
  0x000001ff337cf900 JavaThread "Common-Cleaner"             daemon [_thread_blocked, id=12128, stack(0x0000002895100000,0x0000002895200000) (1024K)]
  0x000001ff33936fe0 JavaThread "Notification Thread"        daemon [_thread_blocked, id=12180, stack(0x0000002895200000,0x0000002895300000) (1024K)]
  0x000001ff79116910 JavaThread "Active Thread: Equinox Container: e0d6c8a2-307e-422b-8a9a-6a951e55973a"        [_thread_blocked, id=10536, stack(0x0000002895600000,0x0000002895700000) (1024K)]
Total: 12

Other Threads:
  0x000001ff1c88b660 VMThread "VM Thread"                           [id=6208, stack(0x0000002894800000,0x0000002894900000) (1024K)]
  0x000001ff1c65cb00 WatcherThread "VM Periodic Task Thread"        [id=8220, stack(0x0000002894700000,0x0000002894800000) (1024K)]
  0x000001ff1c7e8b50 WorkerThread "GC Thread#0"                     [id=1344, stack(0x0000002894600000,0x0000002894700000) (1024K)]
  0x000001ff1c771b40 WorkerThread "GC Thread#1"                     [id=11080, stack(0x0000002895300000,0x0000002895400000) (1024K)]
Total: 4

Threads with active compile tasks:
C2 CompilerThread0  29155 1693       4       java.io.WinNTFileSystem::normalize (143 bytes)
Total: 1

VM state: not at safepoint (normal execution)

VM Mutex/Monitor currently owned by a thread: None

Heap address: 0x0000000080000000, size: 2048 MB, Compressed Oops mode: 32-bit

CDS archive(s) mapped at: [0x000001ff34000000-0x000001ff34ba0000-0x000001ff34ba0000), size 12189696, SharedBaseAddress: 0x000001ff34000000, ArchiveRelocationMode: 1.
Compressed class space mapped at: 0x000001ff35000000-0x000001ff75000000, reserved size: 1073741824
Narrow klass base: 0x000001ff34000000, Narrow klass shift: 0, Narrow klass range: 0x100000000

GC Precious Log:
 CardTable entry size: 512
 CPUs: 2 total, 2 available
 Memory: 3932M
 Large Page Support: Disabled
 NUMA Support: Disabled
 Compressed Oops: Enabled (32-bit)
 Alignments: Space 512K, Generation 512K, Heap 2M
 Heap Min Capacity: 100M
 Heap Initial Capacity: 100M
 Heap Max Capacity: 2G
 Pre-touch: Disabled
 Parallel Workers: 2

Heap:
 PSYoungGen      total 29696K, used 26793K [0x00000000d5580000, 0x00000000d7680000, 0x0000000100000000)
  eden space 25600K, 91% used [0x00000000d5580000,0x00000000d6c70878,0x00000000d6e80000)
  from space 4096K, 80% used [0x00000000d6e80000,0x00000000d71b9e98,0x00000000d7280000)
  to   space 4096K, 0% used [0x00000000d7280000,0x00000000d7280000,0x00000000d7680000)
 ParOldGen       total 68608K, used 0K [0x0000000080000000, 0x0000000084300000, 0x00000000d5580000)
  object space 68608K, 0% used [0x0000000080000000,0x0000000080000000,0x0000000084300000)
 Metaspace       used 8313K, committed 8640K, reserved 1114112K
  class space    used 881K, committed 1024K, reserved 1048576K

Card table byte_map: [0x000001ff1c170000,0x000001ff1c580000] _byte_map_base: 0x000001ff1bd70000

Marking Bits: (ParMarkBitMap*) 0x00007ffed28a2460
 Begin Bits: [0x000001ff2ec80000, 0x000001ff30c80000)
 End Bits:   [0x000001ff30c80000, 0x000001ff32c80000)

Polling page: 0x000001ff1a460000

Metaspace:

Usage:
  Non-class:      7.26 MB used.
      Class:    881.92 KB used.
       Both:      8.12 MB used.

Virtual space:
  Non-class space:       64.00 MB reserved,       7.44 MB ( 12%) committed,  1 nodes.
      Class space:        1.00 GB reserved,       1.00 MB ( <1%) committed,  1 nodes.
             Both:        1.06 GB reserved,       8.44 MB ( <1%) committed. 

Chunk freelists:
   Non-Class:  8.61 MB
       Class:  14.89 MB
        Both:  23.50 MB

MaxMetaspaceSize: unlimited
CompressedClassSpaceSize: 1.00 GB
Initial GC threshold: 21.00 MB
Current GC threshold: 21.00 MB
CDS: on
 - commit_granule_bytes: 65536.
 - commit_granule_words: 8192.
 - virtual_space_node_default_size: 8388608.
 - enlarge_chunks_in_place: 1.
 - use_allocation_guard: 0.


Internal statistics:

num_allocs_failed_limit: 0.
num_arena_births: 224.
num_arena_deaths: 0.
num_vsnodes_births: 2.
num_vsnodes_deaths: 0.
num_space_committed: 135.
num_space_uncommitted: 0.
num_chunks_returned_to_freelist: 0.
num_chunks_taken_from_freelist: 419.
num_chunk_merges: 0.
num_chunk_splits: 275.
num_chunks_enlarged: 186.
num_inconsistent_stats: 0.

CodeHeap 'non-profiled nmethods': size=120064Kb used=679Kb max_used=679Kb free=119384Kb
 bounds [0x000001ff27490000, 0x000001ff27700000, 0x000001ff2e9d0000]
CodeHeap 'profiled nmethods': size=120000Kb used=3093Kb max_used=3093Kb free=116906Kb
 bounds [0x000001ff1f9d0000, 0x000001ff1fce0000, 0x000001ff26f00000]
CodeHeap 'non-nmethods': size=5696Kb used=1206Kb max_used=1224Kb free=4489Kb
 bounds [0x000001ff26f00000, 0x000001ff27170000, 0x000001ff27490000]
CodeCache: size=245760Kb, used=4978Kb, max_used=4996Kb, free=240779Kb
 total_blobs=2167, nmethods=1692, adapters=383, full_count=0
Compilation: enabled, stopped_count=0, restarted_count=0

Compilation events (20 events):
Event: 22.857 Thread 0x000001ff1c6e29a0 nmethod 1683 0x000001ff1fccd710 code [0x000001ff1fccd920, 0x000001ff1fccdfa0]
Event: 23.055 Thread 0x000001ff1c6828c0 1684 %     4       java.lang.StringLatin1::inflate @ 3 (34 bytes)
Event: 23.068 Thread 0x000001ff1c6828c0 nmethod 1684% 0x000001ff27538c90 code [0x000001ff27538e20, 0x000001ff275391c0]
Event: 23.150 Thread 0x000001ff1c6828c0 1685       4       sun.nio.fs.WindowsPathParser::isSlash (18 bytes)
Event: 23.151 Thread 0x000001ff1c6828c0 nmethod 1685 0x000001ff27539310 code [0x000001ff275394a0, 0x000001ff27539530]
Event: 23.194 Thread 0x000001ff1c6e29a0 1686       3       org.eclipse.osgi.framework.util.SecureAction::getProperty (31 bytes)
Event: 23.194 Thread 0x000001ff1c6e29a0 nmethod 1686 0x000001ff1fcce190 code [0x000001ff1fcce380, 0x000001ff1fcce7d8]
Event: 23.295 Thread 0x000001ff1c6e29a0 1687       3       org.eclipse.osgi.internal.framework.EquinoxConfiguration$ConfigValues::internalGet (24 bytes)
Event: 23.295 Thread 0x000001ff1c6e29a0 nmethod 1687 0x000001ff1fcce990 code [0x000001ff1fcceba0, 0x000001ff1fccf198]
Event: 24.620 Thread 0x000001ff1c6e29a0 1688       3       java.util.Collections::emptyIterator (4 bytes)
Event: 24.620 Thread 0x000001ff1c6e29a0 nmethod 1688 0x000001ff1fccf390 code [0x000001ff1fccf520, 0x000001ff1fccf618]
Event: 26.104 Thread 0x000001ff1c6828c0 1689       4       sun.nio.fs.WindowsPathParser::isInvalidPathChar (22 bytes)
Event: 26.106 Thread 0x000001ff1c6828c0 nmethod 1689 0x000001ff27539610 code [0x000001ff275397a0, 0x000001ff27539900]
Event: 28.189 Thread 0x000001ff1c6e29a0 1690       3       sun.net.util.IPAddressUtil::checkUserInfo (44 bytes)
Event: 28.191 Thread 0x000001ff1c6e29a0 nmethod 1690 0x000001ff1fccf690 code [0x000001ff1fccf920, 0x000001ff1fcd0368]
Event: 28.340 Thread 0x000001ff1c6e29a0 1691       3       java.net.URL::<init> (438 bytes)
Event: 28.346 Thread 0x000001ff1c6e29a0 nmethod 1691 0x000001ff1fcd0810 code [0x000001ff1fcd0ee0, 0x000001ff1fcd4258]
Event: 28.519 Thread 0x000001ff1c6828c0 1692       4       java.lang.StringLatin1::inflate (34 bytes)
Event: 28.528 Thread 0x000001ff1c6828c0 nmethod 1692 0x000001ff27539a90 code [0x000001ff27539c20, 0x000001ff27539e20]
Event: 29.034 Thread 0x000001ff1c6828c0 1693       4       java.io.WinNTFileSystem::normalize (143 bytes)

GC Heap History (2 events):
Event: 13.421 GC heap before
{Heap before GC invocations=1 (full 0):
 PSYoungGen      total 29696K, used 25600K [0x00000000d5580000, 0x00000000d7680000, 0x0000000100000000)
  eden space 25600K, 100% used [0x00000000d5580000,0x00000000d6e80000,0x00000000d6e80000)
  from space 4096K, 0% used [0x00000000d7280000,0x00000000d7280000,0x00000000d7680000)
  to   space 4096K, 0% used [0x00000000d6e80000,0x00000000d6e80000,0x00000000d7280000)
 ParOldGen       total 68608K, used 0K [0x0000000080000000, 0x0000000084300000, 0x00000000d5580000)
  object space 68608K, 0% used [0x0000000080000000,0x0000000080000000,0x0000000084300000)
 Metaspace       used 4541K, committed 4800K, reserved 1114112K
  class space    used 493K, committed 576K, reserved 1048576K
}
Event: 13.476 GC heap after
{Heap after GC invocations=1 (full 0):
 PSYoungGen      total 29696K, used 3303K [0x00000000d5580000, 0x00000000d7680000, 0x0000000100000000)
  eden space 25600K, 0% used [0x00000000d5580000,0x00000000d5580000,0x00000000d6e80000)
  from space 4096K, 80% used [0x00000000d6e80000,0x00000000d71b9e98,0x00000000d7280000)
  to   space 4096K, 0% used [0x00000000d7280000,0x00000000d7280000,0x00000000d7680000)
 ParOldGen       total 68608K, used 0K [0x0000000080000000, 0x0000000084300000, 0x00000000d5580000)
  object space 68608K, 0% used [0x0000000080000000,0x0000000080000000,0x0000000084300000)
 Metaspace       used 4541K, committed 4800K, reserved 1114112K
  class space    used 493K, committed 576K, reserved 1048576K
}

Dll operation events (8 events):
Event: 4.144 Loaded shared library c:\Users\Maroc\.vscode\extensions\redhat.java-1.51.0-win32-x64\jre\21.0.9-win32-x86_64\bin\java.dll
Event: 5.699 Loaded shared library c:\Users\Maroc\.vscode\extensions\redhat.java-1.51.0-win32-x64\jre\21.0.9-win32-x86_64\bin\zip.dll
Event: 5.845 Loaded shared library C:\Users\Maroc\.vscode\extensions\redhat.java-1.51.0-win32-x64\jre\21.0.9-win32-x86_64\bin\instrument.dll
Event: 6.067 Loaded shared library C:\Users\Maroc\.vscode\extensions\redhat.java-1.51.0-win32-x64\jre\21.0.9-win32-x86_64\bin\net.dll
Event: 6.236 Loaded shared library C:\Users\Maroc\.vscode\extensions\redhat.java-1.51.0-win32-x64\jre\21.0.9-win32-x86_64\bin\nio.dll
Event: 6.254 Loaded shared library C:\Users\Maroc\.vscode\extensions\redhat.java-1.51.0-win32-x64\jre\21.0.9-win32-x86_64\bin\zip.dll
Event: 6.403 Loaded shared library C:\Users\Maroc\.vscode\extensions\redhat.java-1.51.0-win32-x64\jre\21.0.9-win32-x86_64\bin\jimage.dll
Event: 6.984 Loaded shared library c:\Users\Maroc\.vscode\extensions\redhat.java-1.51.0-win32-x64\jre\21.0.9-win32-x86_64\bin\verify.dll

Deoptimization events (20 events):
Event: 16.581 Thread 0x000001ff1c7ca850 DEOPT PACKING pc=0x000001ff274cc2dc sp=0x00000028945f88c0
Event: 16.581 Thread 0x000001ff1c7ca850 DEOPT UNPACKING pc=0x000001ff26f53a9c sp=0x00000028945f8870 mode 2
Event: 17.466 Thread 0x000001ff1c7ca850 Uncommon trap: trap_request=0xffffff45 fr.pc=0x000001ff274d95dc relative=0x00000000000004dc
Event: 17.466 Thread 0x000001ff1c7ca850 Uncommon trap: reason=unstable_if action=reinterpret pc=0x000001ff274d95dc method=java.util.HashMap$HashIterator.<init>(Ljava/util/HashMap;)V @ 45 c2
Event: 17.466 Thread 0x000001ff1c7ca850 DEOPT PACKING pc=0x000001ff274d95dc sp=0x00000028945fe8c0
Event: 17.466 Thread 0x000001ff1c7ca850 DEOPT UNPACKING pc=0x000001ff26f53a9c sp=0x00000028945fe730 mode 2
Event: 18.159 Thread 0x000001ff1c7ca850 Uncommon trap: trap_request=0xffffff45 fr.pc=0x000001ff2751374c relative=0x00000000000000ac
Event: 18.159 Thread 0x000001ff1c7ca850 Uncommon trap: reason=unstable_if action=reinterpret pc=0x000001ff2751374c method=java.util.concurrent.locks.ReentrantLock$NonfairSync.initialTryLock()Z @ 10 c2
Event: 18.159 Thread 0x000001ff1c7ca850 DEOPT PACKING pc=0x000001ff2751374c sp=0x00000028945feb20
Event: 18.159 Thread 0x000001ff1c7ca850 DEOPT UNPACKING pc=0x000001ff26f53a9c sp=0x00000028945feab0 mode 2
Event: 19.008 Thread 0x000001ff1c7ca850 Uncommon trap: trap_request=0xffffffde fr.pc=0x000001ff274c29b8 relative=0x0000000000000478
Event: 19.008 Thread 0x000001ff1c7ca850 Uncommon trap: reason=class_check action=maybe_recompile pc=0x000001ff274c29b8 method=java.util.HashMap.putVal(ILjava/lang/Object;Ljava/lang/Object;ZZ)Ljava/lang/Object; @ 253 c2
Event: 19.008 Thread 0x000001ff1c7ca850 DEOPT PACKING pc=0x000001ff274c29b8 sp=0x00000028945fe480
Event: 19.008 Thread 0x000001ff1c7ca850 DEOPT UNPACKING pc=0x000001ff26f53a9c sp=0x00000028945fe410 mode 2
Event: 19.013 Thread 0x000001ff1c7ca850 Uncommon trap: trap_request=0xffffffde fr.pc=0x000001ff274c29b8 relative=0x0000000000000478
Event: 19.013 Thread 0x000001ff1c7ca850 Uncommon trap: reason=class_check action=maybe_recompile pc=0x000001ff274c29b8 method=java.util.HashMap.putVal(ILjava/lang/Object;Ljava/lang/Object;ZZ)Ljava/lang/Object; @ 253 c2
Event: 19.013 Thread 0x000001ff1c7ca850 DEOPT PACKING pc=0x000001ff274c29b8 sp=0x00000028945fe480
Event: 19.013 Thread 0x000001ff1c7ca850 DEOPT UNPACKING pc=0x000001ff26f53a9c sp=0x00000028945fe410 mode 2
Event: 28.519 Thread 0x000001ff1c7ca850 DEOPT PACKING pc=0x000001ff1fb8e643 sp=0x00000028945fe9f0
Event: 28.519 Thread 0x000001ff1c7ca850 DEOPT UNPACKING pc=0x000001ff26f54223 sp=0x00000028945fde90 mode 0

Classes loaded (20 events):
Event: 19.011 Loading class java/util/ConcurrentModificationException
Event: 19.012 Loading class java/util/ConcurrentModificationException done
Event: 19.055 Loading class java/net/ContentHandler
Event: 19.056 Loading class java/net/ContentHandler done
Event: 19.058 Loading class java/net/UrlDeserializedState
Event: 19.059 Loading class java/net/UrlDeserializedState done
Event: 19.059 Loading class java/lang/reflect/InaccessibleObjectException
Event: 19.060 Loading class java/lang/reflect/InaccessibleObjectException done
Event: 19.065 Loading class java/lang/StackWalker$Option
Event: 19.065 Loading class java/lang/StackWalker$Option done
Event: 19.240 Loading class javax/xml/parsers/ParserConfigurationException
Event: 19.245 Loading class javax/xml/parsers/ParserConfigurationException done
Event: 19.254 Loading class java/security/KeyStoreException
Event: 19.255 Loading class java/security/KeyStoreException done
Event: 19.287 Loading class java/lang/Thread$Builder$OfPlatform
Event: 19.296 Loading class java/lang/Thread$Builder
Event: 19.296 Loading class java/lang/Thread$Builder done
Event: 19.296 Loading class java/lang/Thread$Builder$OfPlatform done
Event: 19.296 Loading class java/lang/Thread$Builder$OfVirtual
Event: 19.297 Loading class java/lang/Thread$Builder$OfVirtual done

Classes unloaded (0 events):
No events

Classes redefined (0 events):
No events

Internal exceptions (20 events):
Event: 11.260 Thread 0x000001ff1c7ca850 Exception <a 'sun/nio/fs/WindowsException'{0x00000000d6634550}> (0x00000000d6634550) 
thrown [s\src\hotspot\share\prims\jni.cpp, line 520]
Event: 13.008 Thread 0x000001ff1c7ca850 Exception <a 'java/lang/NoSuchMethodError'{0x00000000d6a96fd8}: 'java.lang.ClassLoader java.lang.ClassLoader.getPlatformClassLoader(java.lang.Class)'> (0x00000000d6a96fd8) 
thrown [s\src\hotspot\share\interpreter\linkResolver.cpp, line 773]
Event: 13.489 Thread 0x000001ff1c7ca850 Exception <a 'java/lang/ClassNotFoundException'{0x00000000d55b33c8}: sun/net/www/protocol/c/Handler> (0x00000000d55b33c8) 
thrown [s\src\hotspot\share\classfile\systemDictionary.cpp, line 312]
Event: 13.490 Thread 0x000001ff1c7ca850 Exception <a 'java/lang/ClassNotFoundException'{0x00000000d55b4770}: sun/net/www/protocol/c/Handler> (0x00000000d55b4770) 
thrown [s\src\hotspot\share\classfile\systemDictionary.cpp, line 312]
Event: 13.490 Thread 0x000001ff1c7ca850 Exception <a 'java/lang/ClassNotFoundException'{0x00000000d55b5958}: sun/net/www/protocol/c/Handler> (0x00000000d55b5958) 
thrown [s\src\hotspot\share\classfile\systemDictionary.cpp, line 312]
Event: 13.507 Thread 0x000001ff1c7ca850 Exception <a 'java/io/FileNotFoundException'{0x00000000d55ddb58}> (0x00000000d55ddb58) 
thrown [s\src\hotspot\share\prims\jni.cpp, line 520]
Event: 13.676 Thread 0x000001ff1c7ca850 Implicit null exception at 0x000001ff274efaa9 to 0x000001ff274f031c
Event: 13.676 Thread 0x000001ff1c7ca850 Implicit null exception at 0x000001ff274fc09a to 0x000001ff274fc2a0
Event: 13.677 Thread 0x000001ff1c7ca850 Exception <a 'java/lang/NoSuchMethodError'{0x00000000d5750a08}: 'void java.lang.invoke.DirectMethodHandle$Holder.invokeStatic(java.lang.Object, java.lang.Object, java.lang.Object, java.lang.Object)'> (0x00000000d5750a08) 
thrown [s\src\hotspot\share\interpreter\linkResolver.cpp, line 773]
Event: 13.684 Thread 0x000001ff1c7ca850 Implicit null exception at 0x000001ff274f2bbc to 0x000001ff274f2e48
Event: 15.226 Thread 0x000001ff1c7ca850 Exception <a 'java/lang/NoSuchMethodError'{0x00000000d5b4f920}: 'int java.lang.invoke.DirectMethodHandle$Holder.invokeVirtual(java.lang.Object, java.lang.Object)'> (0x00000000d5b4f920) 
thrown [s\src\hotspot\share\interpreter\linkResolver.cpp, line 773]
Event: 18.095 Thread 0x000001ff1c7ca850 Exception <a 'java/lang/IncompatibleClassChangeError'{0x00000000d6529748}: Found class java.lang.Object, but interface was expected> (0x00000000d6529748) 
thrown [s\src\hotspot\share\interpreter\linkResolver.cpp, line 840]
Event: 18.100 Thread 0x000001ff1c7ca850 Exception <a 'java/lang/NoSuchMethodError'{0x00000000d65879c8}: 'void java.lang.invoke.DirectMethodHandle$Holder.invokeInterface(java.lang.Object, java.lang.Object, java.lang.Object)'> (0x00000000d65879c8) 
thrown [s\src\hotspot\share\interpreter\linkResolver.cpp, line 773]
Event: 18.233 Thread 0x000001ff1c7ca850 Exception <a 'java/lang/NoSuchMethodError'{0x00000000d66fd0d0}: 'int java.lang.invoke.DirectMethodHandle$Holder.invokeStaticInit(java.lang.Object, java.lang.Object, java.lang.Object, java.lang.Object)'> (0x00000000d66fd0d0) 
thrown [s\src\hotspot\share\interpreter\linkResolver.cpp, line 773]
Event: 18.241 Thread 0x000001ff1c7ca850 Exception <a 'java/lang/NoSuchMethodError'{0x00000000d67076a0}: 'void java.lang.invoke.DirectMethodHandle$Holder.invokeStaticInit(java.lang.Object, java.lang.Object)'> (0x00000000d67076a0) 
thrown [s\src\hotspot\share\interpreter\linkResolver.cpp, line 773]
Event: 18.245 Thread 0x000001ff1c7ca850 Exception <a 'java/lang/NoSuchMethodError'{0x00000000d670cba0}: 'int java.lang.invoke.DirectMethodHandle$Holder.invokeStaticInit(java.lang.Object, java.lang.Object)'> (0x00000000d670cba0) 
thrown [s\src\hotspot\share\interpreter\linkResolver.cpp, line 773]
Event: 18.982 Thread 0x000001ff1c7ca850 Exception <a 'java/lang/NoSuchMethodError'{0x00000000d68f7450}: 'java.lang.Object java.lang.invoke.DirectMethodHandle$Holder.newInvokeSpecial(java.lang.Object, int, java.lang.Object)'> (0x00000000d68f7450) 
thrown [s\src\hotspot\share\interpreter\linkResolver.cpp, line 773]
Event: 19.080 Thread 0x000001ff1c7ca850 Exception <a 'java/lang/ClassNotFoundException'{0x00000000d6a73820}: sun/net/www/protocol/plurl/Handler> (0x00000000d6a73820) 
thrown [s\src\hotspot\share\classfile\systemDictionary.cpp, line 312]
Event: 19.081 Thread 0x000001ff1c7ca850 Exception <a 'java/lang/ClassNotFoundException'{0x00000000d6a746a0}: sun/net/www/protocol/plurl/Handler> (0x00000000d6a746a0) 
thrown [s\src\hotspot\share\classfile\systemDictionary.cpp, line 312]
Event: 19.100 Thread 0x000001ff1c7ca850 Exception <a 'java/lang/NoSuchMethodError'{0x00000000d6ab4e10}: 'void java.lang.invoke.DirectMethodHandle$Holder.invokeSpecial(java.lang.Object, java.lang.Object, java.lang.Object)'> (0x00000000d6ab4e10) 
thrown [s\src\hotspot\share\interpreter\linkResolver.cpp, line 773]

ZGC Phase Switch (0 events):
No events

VM Operations (20 events):
Event: 13.299 Executing VM operation: Cleanup
Event: 13.299 Executing VM operation: Cleanup done
Event: 13.421 Executing VM operation: ParallelGCFailedAllocation (Allocation Failure)
Event: 13.477 Executing VM operation: ParallelGCFailedAllocation (Allocation Failure) done
Event: 14.490 Executing VM operation: Cleanup
Event: 14.490 Executing VM operation: Cleanup done
Event: 15.497 Executing VM operation: Cleanup
Event: 15.513 Executing VM operation: Cleanup done
Event: 16.516 Executing VM operation: Cleanup
Event: 16.516 Executing VM operation: Cleanup done
Event: 17.471 Executing VM operation: HandshakeAllThreads (Deoptimize)
Event: 17.471 Executing VM operation: HandshakeAllThreads (Deoptimize) done
Event: 18.474 Executing VM operation: Cleanup
Event: 18.489 Executing VM operation: Cleanup done
Event: 18.587 Executing VM operation: HandshakeAllThreads (Deoptimize)
Event: 18.711 Executing VM operation: HandshakeAllThreads (Deoptimize) done
Event: 19.061 Executing VM operation: HandshakeAllThreads (Deoptimize)
Event: 19.061 Executing VM operation: HandshakeAllThreads (Deoptimize) done
Event: 20.067 Executing VM operation: Cleanup
Event: 20.067 Executing VM operation: Cleanup done

Memory protections (0 events):
No events

Nmethod flushes (0 events):
No events

Events (16 events):
Event: 4.416 Thread 0x000001ff1c7ca850 Thread added: 0x000001ff1c7ca850
Event: 4.968 Thread 0x000001ff1c7ca850 Thread added: 0x000001ff1c676980
Event: 4.968 Thread 0x000001ff1c7ca850 Thread added: 0x000001ff1c679f60
Event: 4.970 Thread 0x000001ff1c7ca850 Thread added: 0x000001ff1c67fc50
Event: 4.970 Thread 0x000001ff1c7ca850 Thread added: 0x000001ff1c6806a0
Event: 4.970 Thread 0x000001ff1c7ca850 Thread added: 0x000001ff1c6810f0
Event: 4.970 Thread 0x000001ff1c7ca850 Thread added: 0x000001ff1c681b40
Event: 4.970 Thread 0x000001ff1c7ca850 Thread added: 0x000001ff1c6828c0
Event: 4.986 Thread 0x000001ff1c7ca850 Thread added: 0x000001ff1c6e29a0
Event: 5.852 Thread 0x000001ff1c7ca850 Thread added: 0x000001ff337cf900
Event: 7.518 Thread 0x000001ff1c7ca850 Thread added: 0x000001ff33936fe0
Event: 17.966 Thread 0x000001ff1c7ca850 Thread added: 0x000001ff791351d0
Event: 18.014 Thread 0x000001ff791351d0 Thread added: 0x000001ff79135830
Event: 18.518 Thread 0x000001ff1c7ca850 Thread added: 0x000001ff79116910
Event: 28.022 Thread 0x000001ff791351d0 Thread exited: 0x000001ff791351d0
Event: 28.111 Thread 0x000001ff79135830 Thread exited: 0x000001ff79135830


Dynamic libraries:
0x00007ff6b8700000 - 0x00007ff6b870e000 	c:\Users\Maroc\.vscode\extensions\redhat.java-1.51.0-win32-x64\jre\21.0.9-win32-x86_64\bin\java.exe
0x00007fff45b60000 - 0x00007fff45dc7000 	C:\WINDOWS\SYSTEM32\ntdll.dll
0x00007fff44d80000 - 0x00007fff44e49000 	C:\WINDOWS\System32\KERNEL32.DLL
0x00007fff42ea0000 - 0x00007fff4328f000 	C:\WINDOWS\System32\KERNELBASE.dll
0x00007fff43670000 - 0x00007fff437bb000 	C:\WINDOWS\System32\ucrtbase.dll
0x00007ffef6ed0000 - 0x00007ffef6eee000 	c:\Users\Maroc\.vscode\extensions\redhat.java-1.51.0-win32-x64\jre\21.0.9-win32-x86_64\bin\VCRUNTIME140.dll
0x00007ffee3410000 - 0x00007ffee3428000 	c:\Users\Maroc\.vscode\extensions\redhat.java-1.51.0-win32-x64\jre\21.0.9-win32-x86_64\bin\jli.dll
0x00007fff45880000 - 0x00007fff45a45000 	C:\WINDOWS\System32\USER32.dll
0x00007fff43590000 - 0x00007fff435b7000 	C:\WINDOWS\System32\win32u.dll
0x00007fff43ad0000 - 0x00007fff43afb000 	C:\WINDOWS\System32\GDI32.dll
0x00007fff42d70000 - 0x00007fff42e9c000 	C:\WINDOWS\System32\gdi32full.dll
0x00007fff435c0000 - 0x00007fff43663000 	C:\WINDOWS\System32\msvcp_win.dll
0x00007fff2c480000 - 0x00007fff2c713000 	C:\WINDOWS\WinSxS\amd64_microsoft.windows.common-controls_6595b64144ccf1df_6.0.26100.7309_none_3e05feeae336a044\COMCTL32.dll
0x00007fff44bc0000 - 0x00007fff44c69000 	C:\WINDOWS\System32\msvcrt.dll
0x00007fff45840000 - 0x00007fff45871000 	C:\WINDOWS\System32\IMM32.DLL
0x00007fff1a1a0000 - 0x00007fff1a1ac000 	c:\Users\Maroc\.vscode\extensions\redhat.java-1.51.0-win32-x64\jre\21.0.9-win32-x86_64\bin\vcruntime140_1.dll
0x00007ffed3b50000 - 0x00007ffed3bdd000 	c:\Users\Maroc\.vscode\extensions\redhat.java-1.51.0-win32-x64\jre\21.0.9-win32-x86_64\bin\msvcp140.dll
0x00007ffed1be0000 - 0x00007ffed2980000 	c:\Users\Maroc\.vscode\extensions\redhat.java-1.51.0-win32-x64\jre\21.0.9-win32-x86_64\bin\server\jvm.dll
0x00007fff44390000 - 0x00007fff44444000 	C:\WINDOWS\System32\ADVAPI32.dll
0x00007fff43d50000 - 0x00007fff43df6000 	C:\WINDOWS\System32\sechost.dll
0x00007fff456f0000 - 0x00007fff45808000 	C:\WINDOWS\System32\RPCRT4.dll
0x00007fff44280000 - 0x00007fff442f4000 	C:\WINDOWS\System32\WS2_32.dll
0x00007fff42b30000 - 0x00007fff42b8e000 	C:\WINDOWS\SYSTEM32\POWRPROF.dll
0x00007fff01490000 - 0x00007fff014c5000 	C:\WINDOWS\SYSTEM32\WINMM.dll
0x00007fff30740000 - 0x00007fff3074b000 	C:\WINDOWS\SYSTEM32\VERSION.dll
0x00007fff42b10000 - 0x00007fff42b24000 	C:\WINDOWS\SYSTEM32\UMPDC.dll
0x00007fff41a00000 - 0x00007fff41a1b000 	C:\WINDOWS\SYSTEM32\kernel.appcore.dll
0x00007fff18b80000 - 0x00007fff18b8a000 	c:\Users\Maroc\.vscode\extensions\redhat.java-1.51.0-win32-x64\jre\21.0.9-win32-x86_64\bin\jimage.dll
0x00007fff403d0000 - 0x00007fff40612000 	C:\WINDOWS\SYSTEM32\DBGHELP.DLL
0x00007fff45360000 - 0x00007fff456e5000 	C:\WINDOWS\System32\combase.dll
0x00007fff43e80000 - 0x00007fff43f56000 	C:\WINDOWS\System32\OLEAUT32.dll
0x00007fff2d760000 - 0x00007fff2d79c000 	C:\WINDOWS\SYSTEM32\dbgcore.DLL
0x00007fff43850000 - 0x00007fff438f5000 	C:\WINDOWS\System32\bcryptPrimitives.dll
0x00007fff15c20000 - 0x00007fff15c2f000 	c:\Users\Maroc\.vscode\extensions\redhat.java-1.51.0-win32-x64\jre\21.0.9-win32-x86_64\bin\instrument.dll
0x00007ffee33f0000 - 0x00007ffee3410000 	c:\Users\Maroc\.vscode\extensions\redhat.java-1.51.0-win32-x64\jre\21.0.9-win32-x86_64\bin\java.dll
0x00007fff44460000 - 0x00007fff44bb3000 	C:\WINDOWS\System32\SHELL32.dll
0x00007fff43420000 - 0x00007fff4358a000 	C:\WINDOWS\System32\wintypes.dll
0x00007fff408a0000 - 0x00007fff410fe000 	C:\WINDOWS\SYSTEM32\windows.storage.dll
0x00007fff43f70000 - 0x00007fff44065000 	C:\WINDOWS\System32\SHCORE.dll
0x00007fff44070000 - 0x00007fff440d6000 	C:\WINDOWS\System32\shlwapi.dll
0x00007fff42bd0000 - 0x00007fff42bf9000 	C:\WINDOWS\SYSTEM32\profapi.dll
0x00007ffee13b0000 - 0x00007ffee13c8000 	c:\Users\Maroc\.vscode\extensions\redhat.java-1.51.0-win32-x64\jre\21.0.9-win32-x86_64\bin\zip.dll
0x00007fff14ec0000 - 0x00007fff14ed0000 	C:\Users\Maroc\.vscode\extensions\redhat.java-1.51.0-win32-x64\jre\21.0.9-win32-x86_64\bin\net.dll
0x00007fff36be0000 - 0x00007fff36d08000 	C:\WINDOWS\SYSTEM32\WINHTTP.dll
0x00007fff41fd0000 - 0x00007fff4203b000 	C:\WINDOWS\system32\mswsock.dll
0x00007ffed3b30000 - 0x00007ffed3b46000 	C:\Users\Maroc\.vscode\extensions\redhat.java-1.51.0-win32-x64\jre\21.0.9-win32-x86_64\bin\nio.dll
0x00007fff13a80000 - 0x00007fff13a90000 	c:\Users\Maroc\.vscode\extensions\redhat.java-1.51.0-win32-x64\jre\21.0.9-win32-x86_64\bin\verify.dll

JVMTI agents:
c:\Users\Maroc\.vscode\extensions\redhat.java-1.51.0-win32-x64\lombok\lombok-1.18.39-4050.jar path:c:\Users\Maroc\.vscode\extensions\redhat.java-1.51.0-win32-x64\jre\21.0.9-win32-x86_64\bin\instrument.dll, loaded, initialized, instrumentlib options:none

dbghelp: loaded successfully - version: 4.0.5 - missing functions: none
symbol engine: initialized successfully - sym options: 0x614 - pdb path: .;c:\Users\Maroc\.vscode\extensions\redhat.java-1.51.0-win32-x64\jre\21.0.9-win32-x86_64\bin;C:\WINDOWS\SYSTEM32;C:\WINDOWS\WinSxS\amd64_microsoft.windows.common-controls_6595b64144ccf1df_6.0.26100.7309_none_3e05feeae336a044;c:\Users\Maroc\.vscode\extensions\redhat.java-1.51.0-win32-x64\jre\21.0.9-win32-x86_64\bin\server

VM Arguments:
jvm_args: --add-modules=ALL-SYSTEM --add-opens=java.base/java.util=ALL-UNNAMED --add-opens=java.base/java.lang=ALL-UNNAMED --add-opens=java.base/sun.nio.fs=ALL-UNNAMED -Declipse.application=org.eclipse.jdt.ls.core.id1 -Dosgi.bundles.defaultStartLevel=4 -Declipse.product=org.eclipse.jdt.ls.core.product -Djava.import.generatesMetadataFilesAtProjectRoot=false -DDetectVMInstallationsJob.disabled=true -Dfile.encoding=utf8 -XX:+UseParallelGC -XX:GCTimeRatio=4 -XX:AdaptiveSizePolicyWeight=90 -Dsun.zip.disableMemoryMapping=true -Xmx2G -Xms100m -Xlog:disable -javaagent:c:\Users\Maroc\.vscode\extensions\redhat.java-1.51.0-win32-x64\lombok\lombok-1.18.39-4050.jar 
java_command: c:\Users\Maroc\.vscode\extensions\redhat.java-1.51.0-win32-x64\server\plugins\org.eclipse.equinox.launcher_1.7.100.v20251111-0406.jar -configuration c:\Users\Maroc\AppData\Roaming\Code\User\globalStorage\redhat.java\1.51.0\config_ss_win -data c:\Users\Maroc\AppData\Roaming\Code\User\workspaceStorage\004b5fee58056ef76048273cd9948a9c\redhat.java\ss_ws --pipe=\\.\pipe\lsp-509c6fde6e7c5dc97d0041fd37e91d87-sock
java_class_path (initial): c:\Users\Maroc\.vscode\extensions\redhat.java-1.51.0-win32-x64\server\plugins\org.eclipse.equinox.launcher_1.7.100.v20251111-0406.jar
Launcher Type: SUN_STANDARD

[Global flags]
    uintx AdaptiveSizePolicyWeight                 = 90                                        {product} {command line}
     intx CICompilerCount                          = 2                                         {product} {ergonomic}
    uintx GCTimeRatio                              = 4                                         {product} {command line}
   size_t InitialHeapSize                          = 104857600                                 {product} {command line}
   size_t MaxHeapSize                              = 2147483648                                {product} {command line}
   size_t MaxNewSize                               = 715653120                                 {product} {ergonomic}
   size_t MinHeapDeltaBytes                        = 524288                                    {product} {ergonomic}
   size_t MinHeapSize                              = 104857600                                 {product} {command line}
   size_t NewSize                                  = 34603008                                  {product} {ergonomic}
    uintx NonNMethodCodeHeapSize                   = 5826188                                {pd product} {ergonomic}
    uintx NonProfiledCodeHeapSize                  = 122916026                              {pd product} {ergonomic}
   size_t OldSize                                  = 70254592                                  {product} {ergonomic}
    uintx ProfiledCodeHeapSize                     = 122916026                              {pd product} {ergonomic}
    uintx ReservedCodeCacheSize                    = 251658240                              {pd product} {ergonomic}
     bool SegmentedCodeCache                       = true                                      {product} {ergonomic}
   size_t SoftMaxHeapSize                          = 2147483648                             {manageable} {ergonomic}
     bool UseCompressedOops                        = true                           {product lp64_product} {ergonomic}
     bool UseLargePagesIndividualAllocation        = false                                  {pd product} {ergonomic}
     bool UseParallelGC                            = true                                      {product} {command line}

Logging:
Log output configuration:
 #0: stdout all=off uptime,level,tags foldmultilines=false
 #1: stderr all=off uptime,level,tags foldmultilines=false

Release file:
JAVA_VERSION="21.0.9" 
MODULES="java.base java.compiler java.datatransfer java.xml java.prefs java.desktop java.instrument java.logging java.management java.security.sasl java.naming java.rmi java.management.rmi java.net.http java.scripting java.security.jgss java.transaction.xa java.sql java.sql.rowset java.xml.crypto java.se java.smartcardio jdk.accessibility jdk.internal.jvmstat jdk.attach jdk.charsets jdk.internal.opt jdk.zipfs jdk.compiler jdk.crypto.ec jdk.crypto.cryptoki jdk.crypto.mscapi jdk.dynalink jdk.internal.ed jdk.editpad jdk.hotspot.agent jdk.httpserver jdk.internal.le jdk.internal.vm.ci jdk.internal.vm.compiler jdk.internal.vm.compiler.management jdk.jartool jdk.javadoc jdk.jcmd jdk.management jdk.management.agent jdk.jconsole jdk.jdeps jdk.jdwp.agent jdk.jdi jdk.jfr jdk.jshell jdk.jsobject jdk.jstatd jdk.localedata jdk.management.jfr jdk.naming.dns jdk.naming.rmi jdk.net jdk.nio.mapmode jdk.random jdk.sctp jdk.security.auth jdk.security.jgss jdk.unsupported jdk.unsupported.desktop jdk.xml.dom" 

Environment Variables:
PATH=C:\Program Files\Common Files\Oracle\Java\javapath;C:\Program Files (x86)\Common Files\Oracle\Java\java8path;C:\Program Files (x86)\Common Files\Oracle\Java\javapath;C:\ProgramData\Oracle\Java\javapath;C:\WINDOWS\system32;C:\WINDOWS;C:\WINDOWS\System32\Wbem;C:\WINDOWS\System32\WindowsPowerShell\v1.0\;C:\WINDOWS\System32\OpenSSH\;C:\Program Files\nodejs\;C:\Program Files\Git\cmd;C:\Program Files\MySQL\MySQL Shell 8.0\bin\;C:\Users\Maroc\AppData\Local\Microsoft\WindowsApps;C:\Users\Maroc\AppData\Local\Programs\Microsoft VS Code\bin;C:\Program Files\MySQL\MySQL Server 8.0\bin;C:\Users\Maroc\AppData\Roaming\npm;C:\xampp\php;
USERNAME=Maroc
OS=Windows_NT
PROCESSOR_IDENTIFIER=Intel64 Family 6 Model 122 Stepping 8, GenuineIntel
TMP=C:\Users\Maroc\AppData\Local\Temp
TEMP=C:\Users\Maroc\AppData\Local\Temp




Periodic native trim disabled

---------------  S Y S T E M  ---------------

OS:
 Windows 11 , 64 bit Build 26100 (10.0.26100.7309)
OS uptime: 0 days 8:17 hours
Hyper-V role detected

CPU: total 2 (initial active 2) (2 cores per cpu, 1 threads per core) family 6 model 122 stepping 8 microcode 0x18, cx8, cmov, fxsr, mmx, 3dnowpref, sse, sse2, sse3, ssse3, sse4.1, sse4.2, popcnt, tsc, tscinvbit, aes, erms, clmul, sha, clflush, clflushopt, hv, rdtscp, rdpid
Processor Information for the first 2 processors :
  Max Mhz: 1101, Current Mhz: 1101, Mhz Limit: 1101

Memory: 4k page, system-wide physical 3932M (530M free)
TotalPageFile size 6914M (AvailPageFile size 40M)
current process WorkingSet (physical memory assigned to process): 83M, peak: 85M
current process commit charge ("private bytes"): 216M, peak: 218M

vm_info: OpenJDK 64-Bit Server VM (21.0.9+10-LTS) for windows-amd64 JRE (21.0.9+10-LTS), built on 2025-10-21T00:00:00Z by "admin" with unknown MS VC++:1942

END.
